<?xml version="1.0" encoding="utf-8"?><testsuites name="pytest tests"><testsuite name="pytest" errors="0" failures="1" skipped="0" tests="20" time="42.546" timestamp="2026-03-13T14:41:56.608288+00:00" hostname="agent-env-6f8178db-6cab-400f-ae6d-02443e492cf2"><testcase classname="backend.tests.test_crm.TestCRMAuth" name="test_login_as_licensee" time="1.213" /><testcase classname="backend.tests.test_crm.TestCRMLeadsCRUD" name="test_create_lead" time="2.612" /><testcase classname="backend.tests.test_crm.TestCRMLeadsCRUD" name="test_create_lead_minimal_data" time="1.419" /><testcase classname="backend.tests.test_crm.TestCRMLeadsCRUD" name="test_get_lead_by_id" time="2.155" /><testcase classname="backend.tests.test_crm.TestCRMLeadsCRUD" name="test_update_lead" time="2.849" /><testcase classname="backend.tests.test_crm.TestCRMLeadsCRUD" name="test_delete_lead" time="2.163" /><testcase classname="backend.tests.test_crm.TestCRMLeadsCRUD" name="test_get_nonexistent_lead" time="0.700" /><testcase classname="backend.tests.test_crm.TestCRMPipeline" name="test_get_pipeline" time="1.843" /><testcase classname="backend.tests.test_crm.TestCRMPipeline" name="test_move_lead_between_stages" time="4.315" /><testcase classname="backend.tests.test_crm.TestCRMPipeline" name="test_move_lead_to_ganho" time="2.857" /><testcase classname="backend.tests.test_crm.TestCRMPipeline" name="test_move_lead_to_perdido" time="2.888" /><testcase classname="backend.tests.test_crm.TestCRMDashboard" name="test_get_dashboard" time="1.617" /><testcase classname="backend.tests.test_crm.TestCRMDashboard" name="test_get_leads_stats" time="0.705" /><testcase classname="backend.tests.test_crm.TestCRMSearch" name="test_get_leads_list" time="1.866" /><testcase classname="backend.tests.test_crm.TestCRMSearch" name="test_search_leads_by_name" time="1.225"><failure message="assert 500 == 200&#10; +  where 500 = &lt;Response [500]&gt;.status_code">backend/tests/test_crm.py:477: in test_search_leads_by_name
    assert response.status_code == 200
E   assert 500 == 200
E    +  where 500 = &lt;Response [500]&gt;.status_code</failure></testcase><testcase classname="backend.tests.test_crm.TestCRMSearch" name="test_filter_leads_by_status" time="0.721" /><testcase classname="backend.tests.test_crm.TestCRMSearch" name="test_filter_leads_by_origin" time="2.380" /><testcase classname="backend.tests.test_crm.TestCRMActivitiesAndTasks" name="test_create_activity_for_lead" time="3.032" /><testcase classname="backend.tests.test_crm.TestCRMActivitiesAndTasks" name="test_create_task_for_lead" time="2.127" /><testcase classname="backend.tests.test_crm.TestCRMActivitiesAndTasks" name="test_get_all_tasks" time="3.781" /></testsuite></testsuites>