<?xml version="1.0" encoding="utf-8"?><testsuites name="pytest tests"><testsuite name="pytest" errors="0" failures="0" skipped="3" tests="26" time="1.883" timestamp="2026-01-14T14:37:49.589904+00:00" hostname="agent-env-344a0226-c822-401d-a07b-7ba64ce84415"><testcase classname="tests.test_new_features.TestAnalyticsOverview" name="test_admin_can_access_overview" time="0.372" /><testcase classname="tests.test_new_features.TestAnalyticsOverview" name="test_licensee_cannot_access_overview" time="0.319" /><testcase classname="tests.test_new_features.TestAnalyticsLicenseesProgress" name="test_admin_can_access_licensees_progress" time="0.042" /><testcase classname="tests.test_new_features.TestAnalyticsLicenseesProgress" name="test_licensee_cannot_access_licensees_progress" time="0.038" /><testcase classname="tests.test_new_features.TestAnalyticsModuleEngagement" name="test_admin_can_access_module_engagement" time="0.044" /><testcase classname="tests.test_new_features.TestAnalyticsModuleEngagement" name="test_licensee_cannot_access_module_engagement" time="0.035" /><testcase classname="tests.test_new_features.TestAnalyticsStudyHeatmap" name="test_admin_can_access_study_heatmap" time="0.044" /><testcase classname="tests.test_new_features.TestAnalyticsStudyHeatmap" name="test_licensee_cannot_access_study_heatmap" time="0.037" /><testcase classname="tests.test_new_features.TestAnalyticsDailyActivity" name="test_admin_can_access_daily_activity" time="0.048" /><testcase classname="tests.test_new_features.TestAnalyticsDailyActivity" name="test_licensee_cannot_access_daily_activity" time="0.039" /><testcase classname="tests.test_new_features.TestAnalyticsExportCSV" name="test_admin_can_export_csv" time="0.038" /><testcase classname="tests.test_new_features.TestAnalyticsExportCSV" name="test_licensee_cannot_export_csv" time="0.035" /><testcase classname="tests.test_new_features.TestProfileMe" name="test_admin_can_get_profile" time="0.045" /><testcase classname="tests.test_new_features.TestProfileMe" name="test_licensee_can_get_profile" time="0.045" /><testcase classname="tests.test_new_features.TestProfilePicture" name="test_upload_profile_picture_invalid_format" time="0.037" /><testcase classname="tests.test_new_features.TestProfilePicture" name="test_upload_profile_picture_too_large" time="0.058" /><testcase classname="tests.test_new_features.TestProfilePicture" name="test_upload_valid_profile_picture" time="0.037" /><testcase classname="tests.test_new_features.TestProfilePicture" name="test_delete_profile_picture" time="0.080" /><testcase classname="tests.test_new_features.TestFavoritesList" name="test_licensee_can_list_favorites" time="0.044" /><testcase classname="tests.test_new_features.TestFavoritesList" name="test_admin_can_list_favorites" time="0.037" /><testcase classname="tests.test_new_features.TestFavoritesToggle" name="test_toggle_favorite_add" time="0.049"><skipped type="pytest.skip" message="Could not get modules">/app/tests/test_new_features.py:387: Could not get modules</skipped></testcase><testcase classname="tests.test_new_features.TestFavoritesToggle" name="test_toggle_favorite_remove" time="0.082"><skipped type="pytest.skip" message="Could not get modules">/app/tests/test_new_features.py:401: Could not get modules</skipped></testcase><testcase classname="tests.test_new_features.TestFavoritesToggle" name="test_toggle_nonexistent_chapter" time="0.040" /><testcase classname="tests.test_new_features.TestFavoritesDelete" name="test_delete_nonexistent_favorite" time="0.040" /><testcase classname="tests.test_new_features.TestFavoritesCheck" name="test_check_favorite_status" time="0.037" /><testcase classname="tests.test_new_features.TestFavoritesIntegration" name="test_full_favorites_flow" time="0.060"><skipped type="pytest.skip" message="Could not get modules">/app/tests/test_new_features.py:452: Could not get modules</skipped></testcase></testsuite></testsuites>