<?xml version="1.0" encoding="utf-8"?><testsuites name="pytest tests"><testsuite name="pytest" errors="0" failures="0" skipped="0" tests="19" time="3.292" timestamp="2026-01-17T14:14:43.014245+00:00" hostname="agent-env-c0f6773e-2d66-4d21-b046-37f7dc981f8c"><testcase classname="tests.test_document_upload.TestAuth" name="test_admin_login" time="0.287" /><testcase classname="tests.test_document_upload.TestAuth" name="test_licensee_login" time="0.263" /><testcase classname="tests.test_document_upload.TestMyStageAPI" name="test_my_stage_returns_documents_pf_and_pj" time="0.303" /><testcase classname="tests.test_document_upload.TestDocumentPFUpload" name="test_upload_pf_invalid_type" time="0.316" /><testcase classname="tests.test_document_upload.TestDocumentPFUpload" name="test_upload_pf_valid_types_exist" time="0.038" /><testcase classname="tests.test_document_upload.TestDocumentPFUpload" name="test_upload_pf_requires_auth" time="0.037" /><testcase classname="tests.test_document_upload.TestDocumentPFUpload" name="test_get_documents_pf" time="0.077" /><testcase classname="tests.test_document_upload.TestDocumentPJUpload" name="test_upload_pj_invalid_type" time="0.294" /><testcase classname="tests.test_document_upload.TestDocumentPJUpload" name="test_upload_pj_valid_types_exist" time="0.034" /><testcase classname="tests.test_document_upload.TestDocumentPJUpload" name="test_upload_pj_requires_auth" time="0.037" /><testcase classname="tests.test_document_upload.TestDocumentPJUpload" name="test_get_documents_pj" time="0.039" /><testcase classname="tests.test_document_upload.TestSupervisorDocumentAccess" name="test_admin_can_view_licensee_documents" time="0.593" /><testcase classname="tests.test_document_upload.TestSupervisorDocumentAccess" name="test_supervisor_endpoint_requires_auth" time="0.035" /><testcase classname="tests.test_document_upload.TestSupervisorDocumentAccess" name="test_licensee_cannot_access_supervisor_endpoint" time="0.073" /><testcase classname="tests.test_document_upload.TestSupervisorDocumentAccess" name="test_supervisor_endpoint_returns_404_for_invalid_user" time="0.039" /><testcase classname="tests.test_document_upload.TestStageValidation" name="test_pf_upload_stage_validation" time="0.330" /><testcase classname="tests.test_document_upload.TestStageValidation" name="test_pj_upload_stage_validation" time="0.071" /><testcase classname="tests.test_document_upload.TestLegacyCompatibility" name="test_legacy_upload_endpoint_exists" time="0.304" /><testcase classname="tests.test_document_upload.TestLegacyCompatibility" name="test_my_stage_handles_old_documentos_stage" time="0.040" /></testsuite></testsuites>