<?xml version="1.0" encoding="utf-8"?><testsuites name="pytest tests"><testsuite name="pytest" errors="0" failures="2" skipped="3" tests="26" time="2.036" timestamp="2026-01-14T14:35:52.300506+00:00" hostname="agent-env-344a0226-c822-401d-a07b-7ba64ce84415"><testcase classname="tests.test_new_features.TestAnalyticsOverview" name="test_admin_can_access_overview" time="0.354" /><testcase classname="tests.test_new_features.TestAnalyticsOverview" name="test_licensee_cannot_access_overview" time="0.352" /><testcase classname="tests.test_new_features.TestAnalyticsLicenseesProgress" name="test_admin_can_access_licensees_progress" time="0.047" /><testcase classname="tests.test_new_features.TestAnalyticsLicenseesProgress" name="test_licensee_cannot_access_licensees_progress" time="0.040" /><testcase classname="tests.test_new_features.TestAnalyticsModuleEngagement" name="test_admin_can_access_module_engagement" time="0.045" /><testcase classname="tests.test_new_features.TestAnalyticsModuleEngagement" name="test_licensee_cannot_access_module_engagement" time="0.043" /><testcase classname="tests.test_new_features.TestAnalyticsStudyHeatmap" name="test_admin_can_access_study_heatmap" time="0.043" /><testcase classname="tests.test_new_features.TestAnalyticsStudyHeatmap" name="test_licensee_cannot_access_study_heatmap" time="0.033" /><testcase classname="tests.test_new_features.TestAnalyticsDailyActivity" name="test_admin_can_access_daily_activity" time="0.050" /><testcase classname="tests.test_new_features.TestAnalyticsDailyActivity" name="test_licensee_cannot_access_daily_activity" time="0.075" /><testcase classname="tests.test_new_features.TestAnalyticsExportCSV" name="test_admin_can_export_csv" time="0.041" /><testcase classname="tests.test_new_features.TestAnalyticsExportCSV" name="test_licensee_cannot_export_csv" time="0.040" /><testcase classname="tests.test_new_features.TestProfileMe" name="test_admin_can_get_profile" time="0.046" /><testcase classname="tests.test_new_features.TestProfileMe" name="test_licensee_can_get_profile" time="0.046" /><testcase classname="tests.test_new_features.TestProfilePicture" name="test_upload_profile_picture_invalid_format" time="0.046" /><testcase classname="tests.test_new_features.TestProfilePicture" name="test_upload_profile_picture_too_large" time="0.053" /><testcase classname="tests.test_new_features.TestProfilePicture" name="test_upload_valid_profile_picture" time="0.069" /><testcase classname="tests.test_new_features.TestProfilePicture" name="test_delete_profile_picture" time="0.044" /><testcase classname="tests.test_new_features.TestFavoritesList" name="test_licensee_can_list_favorites" time="0.040"><failure message="AssertionError: Expected 200, got 403: {&quot;detail&quot;:&quot;Not authenticated&quot;}&#10;assert 403 == 200&#10; +  where 403 = &lt;Response [403]&gt;.status_code">tests/test_new_features.py:349: in test_licensee_can_list_favorites
    assert response.status_code == 200, f"Expected 200, got {response.status_code}: {response.text}"
E   AssertionError: Expected 200, got 403: {"detail":"Not authenticated"}
E   assert 403 == 200
E    +  where 403 = &lt;Response [403]&gt;.status_code</failure></testcase><testcase classname="tests.test_new_features.TestFavoritesList" name="test_admin_can_list_favorites" time="0.091"><failure message="assert 403 == 200&#10; +  where 403 = &lt;Response [403]&gt;.status_code">tests/test_new_features.py:358: in test_admin_can_list_favorites
    assert response.status_code == 200
E   assert 403 == 200
E    +  where 403 = &lt;Response [403]&gt;.status_code</failure></testcase><testcase classname="tests.test_new_features.TestFavoritesToggle" name="test_toggle_favorite_add" time="0.039"><skipped type="pytest.skip" message="Could not get modules">/app/tests/test_new_features.py:387: Could not get modules</skipped></testcase><testcase classname="tests.test_new_features.TestFavoritesToggle" name="test_toggle_favorite_remove" time="0.087"><skipped type="pytest.skip" message="Could not get modules">/app/tests/test_new_features.py:401: Could not get modules</skipped></testcase><testcase classname="tests.test_new_features.TestFavoritesToggle" name="test_toggle_nonexistent_chapter" time="0.042" /><testcase classname="tests.test_new_features.TestFavoritesDelete" name="test_delete_nonexistent_favorite" time="0.037" /><testcase classname="tests.test_new_features.TestFavoritesCheck" name="test_check_favorite_status" time="0.043" /><testcase classname="tests.test_new_features.TestFavoritesIntegration" name="test_full_favorites_flow" time="0.055"><skipped type="pytest.skip" message="Could not get modules">/app/tests/test_new_features.py:452: Could not get modules</skipped></testcase></testsuite></testsuites>