<?xml version="1.0" encoding="utf-8"?><testsuites name="pytest tests"><testsuite name="pytest" errors="0" failures="0" skipped="0" tests="9" time="10.901" timestamp="2026-01-19T20:26:23.158024+00:00" hostname="agent-env-78943e26-f637-4139-912b-b464a730d4e3"><testcase classname="tests.test_translation_api.TestTranslationAPI" name="test_translate_single_text_to_english" time="2.134" /><testcase classname="tests.test_translation_api.TestTranslationAPI" name="test_translate_single_text_to_spanish" time="1.573" /><testcase classname="tests.test_translation_api.TestTranslationAPI" name="test_translate_batch_texts_to_english" time="2.102" /><testcase classname="tests.test_translation_api.TestTranslationAPI" name="test_translate_same_language_returns_original" time="0.062" /><testcase classname="tests.test_translation_api.TestTranslationAPI" name="test_translate_empty_texts_array" time="0.038" /><testcase classname="tests.test_translation_api.TestTranslationAPI" name="test_translate_preserves_numbers_and_symbols" time="1.146" /><testcase classname="tests.test_translation_api.TestTranslationAPI" name="test_translate_invalid_target_language" time="2.389" /><testcase classname="tests.test_translation_api.TestTranslationAPI" name="test_translate_missing_required_fields" time="0.079" /><testcase classname="tests.test_translation_api.TestTranslationPerformance" name="test_translation_response_time" time="1.261" /></testsuite></testsuites>