<?xml version="1.0" encoding="utf-8"?><testsuites name="pytest tests"><testsuite name="pytest" errors="0" failures="1" skipped="0" tests="21" time="6.869" timestamp="2026-01-19T13:29:01.926031+00:00" hostname="agent-env-4b9890e1-5d70-4a01-8af5-48782b8e690f"><testcase classname="tests.test_new_features_v2.TestAuth" name="test_admin_login" time="0.298" /><testcase classname="tests.test_new_features_v2.TestAuth" name="test_licensee_login" time="0.265" /><testcase classname="tests.test_new_features_v2.TestTrainingAttendance" name="test_get_training_classes" time="0.300" /><testcase classname="tests.test_new_features_v2.TestTrainingAttendance" name="test_create_training_class" time="0.305" /><testcase classname="tests.test_new_features_v2.TestTrainingAttendance" name="test_open_attendance" time="0.431" /><testcase classname="tests.test_new_features_v2.TestTrainingAttendance" name="test_get_class_attendees" time="0.343" /><testcase classname="tests.test_new_features_v2.TestSalesSystem" name="test_get_my_sales_licensee" time="0.359" /><testcase classname="tests.test_new_features_v2.TestSalesSystem" name="test_sales_report_summary_admin" time="0.343" /><testcase classname="tests.test_new_features_v2.TestSalesSystem" name="test_sales_report_all_admin" time="0.298" /><testcase classname="tests.test_new_features_v2.TestSalesSystem" name="test_sales_report_requires_admin" time="0.303" /><testcase classname="tests.test_new_features_v2.TestCommissionSystem" name="test_get_commission_types" time="0.299" /><testcase classname="tests.test_new_features_v2.TestCommissionSystem" name="test_create_commission_type" time="0.336" /><testcase classname="tests.test_new_features_v2.TestCommissionSystem" name="test_update_commission_type" time="0.383" /><testcase classname="tests.test_new_features_v2.TestCommissionSystem" name="test_delete_commission_type" time="0.454" /><testcase classname="tests.test_new_features_v2.TestOzoxxCast" name="test_get_videos_admin" time="0.357" /><testcase classname="tests.test_new_features_v2.TestOzoxxCast" name="test_get_videos_licensee" time="0.300" /><testcase classname="tests.test_new_features_v2.TestWebhookKitType" name="test_webhook_requires_api_key" time="0.042" /><testcase classname="tests.test_new_features_v2.TestWebhookKitType" name="test_webhook_logs" time="0.304" /><testcase classname="tests.test_new_features_v2.TestTrainingConfig" name="test_get_training_config" time="0.304" /><testcase classname="tests.test_new_features_v2.TestTrainingConfig" name="test_update_training_config" time="0.413" /><testcase classname="tests.test_new_features_v2.TestModuleDelayVisibility" name="test_get_modules" time="0.315"><failure message="assert 403 == 200&#10; +  where 403 = &lt;Response [403]&gt;.status_code">tests/test_new_features_v2.py:457: in test_get_modules
    assert response.status_code == 200
E   assert 403 == 200
E    +  where 403 = &lt;Response [403]&gt;.status_code</failure></testcase></testsuite></testsuites>