<?xml version="1.0" encoding="utf-8"?><testsuites name="pytest tests"><testsuite name="pytest" errors="0" failures="0" skipped="2" tests="17" time="1.951" timestamp="2026-01-14T14:07:38.056268+00:00" hostname="agent-env-344a0226-c822-401d-a07b-7ba64ce84415"><testcase classname="tests.test_folder_system.TestFolderSystem" name="test_get_all_folders_admin" time="0.341" /><testcase classname="tests.test_folder_system.TestFolderSystem" name="test_get_all_folders_licensee" time="0.300" /><testcase classname="tests.test_folder_system.TestFolderSystem" name="test_create_folder_admin" time="0.042" /><testcase classname="tests.test_folder_system.TestFolderSystem" name="test_create_folder_licensee_forbidden" time="0.038" /><testcase classname="tests.test_folder_system.TestFolderSystem" name="test_update_folder_admin" time="0.191" /><testcase classname="tests.test_folder_system.TestFolderSystem" name="test_update_folder_not_found" time="0.075" /><testcase classname="tests.test_folder_system.TestFolderSystem" name="test_delete_folder_admin" time="0.111" /><testcase classname="tests.test_folder_system.TestFolderSystem" name="test_delete_folder_not_found" time="0.035" /><testcase classname="tests.test_folder_system.TestFolderSystem" name="test_get_files_by_folder_admin" time="0.040" /><testcase classname="tests.test_folder_system.TestFolderSystem" name="test_get_files_by_folder_licensee" time="0.033" /><testcase classname="tests.test_folder_system.TestFolderSystem" name="test_get_all_files" time="0.034" /><testcase classname="tests.test_folder_system.TestFolderSystem" name="test_get_files_filtered_by_folder" time="0.113" /><testcase classname="tests.test_folder_system.TestFolderSystem" name="test_get_categories" time="0.034" /><testcase classname="tests.test_folder_system.TestFolderSystem" name="test_move_file_to_folder" time="0.032"><skipped type="pytest.skip" message="No files available to test move operation">/app/tests/test_folder_system.py:250: No files available to test move operation</skipped></testcase><testcase classname="tests.test_folder_system.TestFolderSystem" name="test_move_file_to_no_folder" time="0.037"><skipped type="pytest.skip" message="No files available to test move operation">/app/tests/test_folder_system.py:284: No files available to test move operation</skipped></testcase><testcase classname="tests.test_folder_system.TestFolderSystem" name="test_update_file_not_found" time="0.039" /><testcase classname="tests.test_folder_system.TestFolderCleanup" name="test_cleanup_test_folders" time="0.381" /></testsuite></testsuites>