<?xml version="1.0" encoding="utf-8"?><testsuites name="pytest tests"><testsuite name="pytest" errors="0" failures="0" skipped="0" tests="20" time="41.888" timestamp="2026-03-13T14:43:46.225045+00:00" hostname="agent-env-6f8178db-6cab-400f-ae6d-02443e492cf2"><testcase classname="backend.tests.test_crm.TestCRMAuth" name="test_login_as_licensee" time="0.964" /><testcase classname="backend.tests.test_crm.TestCRMLeadsCRUD" name="test_create_lead" time="2.460" /><testcase classname="backend.tests.test_crm.TestCRMLeadsCRUD" name="test_create_lead_minimal_data" time="1.401" /><testcase classname="backend.tests.test_crm.TestCRMLeadsCRUD" name="test_get_lead_by_id" time="2.138" /><testcase classname="backend.tests.test_crm.TestCRMLeadsCRUD" name="test_update_lead" time="2.810" /><testcase classname="backend.tests.test_crm.TestCRMLeadsCRUD" name="test_delete_lead" time="2.145" /><testcase classname="backend.tests.test_crm.TestCRMLeadsCRUD" name="test_get_nonexistent_lead" time="0.696" /><testcase classname="backend.tests.test_crm.TestCRMPipeline" name="test_get_pipeline" time="1.779" /><testcase classname="backend.tests.test_crm.TestCRMPipeline" name="test_move_lead_between_stages" time="3.899" /><testcase classname="backend.tests.test_crm.TestCRMPipeline" name="test_move_lead_to_ganho" time="3.050" /><testcase classname="backend.tests.test_crm.TestCRMPipeline" name="test_move_lead_to_perdido" time="3.206" /><testcase classname="backend.tests.test_crm.TestCRMDashboard" name="test_get_dashboard" time="1.608" /><testcase classname="backend.tests.test_crm.TestCRMDashboard" name="test_get_leads_stats" time="0.697" /><testcase classname="backend.tests.test_crm.TestCRMSearch" name="test_get_leads_list" time="1.844" /><testcase classname="backend.tests.test_crm.TestCRMSearch" name="test_search_leads_by_name" time="2.099" /><testcase classname="backend.tests.test_crm.TestCRMSearch" name="test_filter_leads_by_status" time="0.705" /><testcase classname="backend.tests.test_crm.TestCRMSearch" name="test_filter_leads_by_origin" time="2.129" /><testcase classname="backend.tests.test_crm.TestCRMActivitiesAndTasks" name="test_create_activity_for_lead" time="3.033" /><testcase classname="backend.tests.test_crm.TestCRMActivitiesAndTasks" name="test_create_task_for_lead" time="2.106" /><testcase classname="backend.tests.test_crm.TestCRMActivitiesAndTasks" name="test_get_all_tasks" time="3.062" /></testsuite></testsuites>