<?xml version="1.0" encoding="utf-8"?><testsuites name="pytest tests"><testsuite name="pytest" errors="0" failures="0" skipped="0" tests="10" time="4.972" timestamp="2026-02-13T11:24:30.520126+00:00" hostname="agent-env-fa59511b-c2e0-4eb5-9ac3-6d5563f528ce"><testcase classname="tests.test_presentations_categories.TestAuth" name="test_admin_login" time="0.415" /><testcase classname="tests.test_presentations_categories.TestAuth" name="test_licensee_login" time="0.348" /><testcase classname="tests.test_presentations_categories.TestCategories" name="test_list_categories_admin" time="0.451" /><testcase classname="tests.test_presentations_categories.TestCategories" name="test_list_categories_licensee" time="0.580" /><testcase classname="tests.test_presentations_categories.TestCategories" name="test_create_category_admin" time="0.607" /><testcase classname="tests.test_presentations_categories.TestPresentations" name="test_get_my_presentations" time="0.522" /><testcase classname="tests.test_presentations_categories.TestPresentations" name="test_get_today_presentations" time="0.490" /><testcase classname="tests.test_presentations_categories.TestPresentations" name="test_get_frequency" time="0.474" /><testcase classname="tests.test_presentations_categories.TestFrequencyLeaderboard" name="test_get_frequency_leaderboard" time="0.512" /><testcase classname="tests.test_presentations_categories.TestUsersMe" name="test_get_user_profile" time="0.515" /></testsuite></testsuites>