<?xml version="1.0" encoding="utf-8"?><testsuites name="pytest tests"><testsuite name="pytest" errors="0" failures="0" skipped="0" tests="26" time="1.894" timestamp="2026-01-18T14:13:40.196396+00:00" hostname="agent-env-22a6c93b-5ea3-4693-9681-060fdf72b458"><testcase classname="tests.test_training_system.TestTrainingConfig" name="test_get_config_authenticated" time="0.343" /><testcase classname="tests.test_training_system.TestTrainingConfig" name="test_get_config_unauthenticated" time="0.037" /><testcase classname="tests.test_training_system.TestTrainingConfig" name="test_update_config_admin" time="0.081" /><testcase classname="tests.test_training_system.TestTrainingConfig" name="test_update_config_licensee_forbidden" time="0.312" /><testcase classname="tests.test_training_system.TestTrainingClasses" name="test_get_all_classes_admin" time="0.038" /><testcase classname="tests.test_training_system.TestTrainingClasses" name="test_get_all_classes_licensee_forbidden" time="0.039" /><testcase classname="tests.test_training_system.TestTrainingClasses" name="test_get_available_classes" time="0.039" /><testcase classname="tests.test_training_system.TestTrainingClasses" name="test_create_class_admin" time="0.043" /><testcase classname="tests.test_training_system.TestTrainingClasses" name="test_create_class_licensee_forbidden" time="0.036" /><testcase classname="tests.test_training_system.TestTrainingClasses" name="test_get_class_detail" time="0.088" /><testcase classname="tests.test_training_system.TestTrainingClasses" name="test_get_class_not_found" time="0.040" /><testcase classname="tests.test_training_system.TestTrainingClasses" name="test_update_class_admin" time="0.043" /><testcase classname="tests.test_training_system.TestTrainingClasses" name="test_delete_class_admin" time="0.082" /><testcase classname="tests.test_training_system.TestLicenseeRegistration" name="test_get_my_registration_no_registration" time="0.039" /><testcase classname="tests.test_training_system.TestLicenseeRegistration" name="test_register_wrong_stage" time="0.038" /><testcase classname="tests.test_training_system.TestLicenseeRegistration" name="test_register_terms_not_accepted" time="0.039" /><testcase classname="tests.test_training_system.TestPaymentSimulation" name="test_simulate_payment_no_registration" time="0.040" /><testcase classname="tests.test_training_system.TestPaymentSimulation" name="test_simulate_payment_unauthenticated" time="0.034" /><testcase classname="tests.test_training_system.TestAttendanceManagement" name="test_mark_attendance_invalid_registration" time="0.036" /><testcase classname="tests.test_training_system.TestAttendanceManagement" name="test_mark_attendance_licensee_forbidden" time="0.035" /><testcase classname="tests.test_training_system.TestPDFGeneration" name="test_generate_pdf_admin" time="0.133" /><testcase classname="tests.test_training_system.TestPDFGeneration" name="test_generate_pdf_invalid_class" time="0.039" /><testcase classname="tests.test_training_system.TestPDFGeneration" name="test_generate_pdf_licensee_forbidden" time="0.038" /><testcase classname="tests.test_training_system.TestOnboardingStages" name="test_stages_order" time="0.043" /><testcase classname="tests.test_training_system.TestOnboardingStages" name="test_my_stage_returns_expected_fields" time="0.036" /><testcase classname="tests.test_training_system.TestSupervisorView" name="test_supervisor_licensees_training" time="0.040" /></testsuite></testsuites>