<?xml version="1.0" encoding="utf-8"?><testsuites name="pytest tests"><testsuite name="pytest" errors="0" failures="0" skipped="0" tests="20" time="6.645" timestamp="2026-01-17T22:13:57.418141+00:00" hostname="agent-env-22a6c93b-5ea3-4693-9681-060fdf72b458"><testcase classname="tests.test_levels_api.TestLevelsAPI" name="test_get_all_levels_returns_200" time="0.351" /><testcase classname="tests.test_levels_api.TestLevelsAPI" name="test_get_all_levels_structure" time="0.291" /><testcase classname="tests.test_levels_api.TestLevelsAPI" name="test_get_all_levels_no_auth_required" time="0.321" /><testcase classname="tests.test_levels_api.TestLevelsAPI" name="test_get_single_level_returns_200" time="0.300" /><testcase classname="tests.test_levels_api.TestLevelsAPI" name="test_get_nonexistent_level_returns_404" time="0.285" /><testcase classname="tests.test_levels_api.TestLevelsAPI" name="test_create_level_success" time="0.345" /><testcase classname="tests.test_levels_api.TestLevelsAPI" name="test_create_level_requires_auth" time="0.312" /><testcase classname="tests.test_levels_api.TestLevelsAPI" name="test_create_level_duplicate_title_rejected" time="0.335" /><testcase classname="tests.test_levels_api.TestLevelsAPI" name="test_create_level_duplicate_points_rejected" time="0.292" /><testcase classname="tests.test_levels_api.TestLevelsAPI" name="test_create_level_default_values" time="0.387" /><testcase classname="tests.test_levels_api.TestLevelsAPI" name="test_update_level_success" time="0.441" /><testcase classname="tests.test_levels_api.TestLevelsAPI" name="test_update_level_requires_auth" time="0.317" /><testcase classname="tests.test_levels_api.TestLevelsAPI" name="test_update_nonexistent_level_returns_404" time="0.282" /><testcase classname="tests.test_levels_api.TestLevelsAPI" name="test_delete_level_success" time="0.381" /><testcase classname="tests.test_levels_api.TestLevelsAPI" name="test_delete_level_requires_auth" time="0.366" /><testcase classname="tests.test_levels_api.TestLevelsAPI" name="test_delete_nonexistent_level_returns_404" time="0.298" /><testcase classname="tests.test_levels_api.TestLevelsAPI" name="test_seed_levels_requires_auth" time="0.343" /><testcase classname="tests.test_levels_api.TestLevelsAPI" name="test_seed_levels_when_levels_exist" time="0.338" /><testcase classname="tests.test_levels_api.TestLevelsValidation" name="test_create_level_missing_title" time="0.284" /><testcase classname="tests.test_levels_api.TestLevelsValidation" name="test_create_level_missing_min_points" time="0.281" /></testsuite></testsuites>